npm warn cli npm v10.8.2 does not support Node.js v19.6.0. This version of npm supports the following node versions: `^18.17.0 || >=20.5.0`. You can find the latest version at https://nodejs.org/.
(node:64023) [DEP0111] DeprecationWarning: Access to process.binding('http_parser') is deprecated.
(Use `node --trace-deprecation ...` to show where the warning was created)
node:internal/crypto/hash:71
  this[kHandle] = new _Hash(algorithm, xofLen);
                  ^

Error: error:0308010C:digital envelope routines::unsupported
    at new Hash (node:internal/crypto/hash:71:19)
    at Object.createHash (node:crypto:140:10)
    at module.exports (/Users/rahulnavneeth/projects/rust-wasm/wasm-rs/www/node_modules/webpack/lib/util/createHash.js:135:53)
    at NormalModule._initBuildHash (/Users/rahulnavneeth/projects/rust-wasm/wasm-rs/www/node_modules/webpack/lib/NormalModule.js:417:16)
    at handleParseError (/Users/rahulnavneeth/projects/rust-wasm/wasm-rs/www/node_modules/webpack/lib/NormalModule.js:471:10)
    at /Users/rahulnavneeth/projects/rust-wasm/wasm-rs/www/node_modules/webpack/lib/NormalModule.js:503:5
    at /Users/rahulnavneeth/projects/rust-wasm/wasm-rs/www/node_modules/webpack/lib/NormalModule.js:358:12
    at /Users/rahulnavneeth/projects/rust-wasm/wasm-rs/www/node_modules/loader-runner/lib/LoaderRunner.js:373:3
    at iterateNormalLoaders (/Users/rahulnavneeth/projects/rust-wasm/wasm-rs/www/node_modules/loader-runner/lib/LoaderRunner.js:214:10)
    at Array.<anonymous> (/Users/rahulnavneeth/projects/rust-wasm/wasm-rs/www/node_modules/loader-runner/lib/LoaderRunner.js:205:4)
    at Storage.finished (/Users/rahulnavneeth/projects/rust-wasm/wasm-rs/www/node_modules/enhanced-resolve/lib/CachedInputFileSystem.js:43:16)
    at /Users/rahulnavneeth/projects/rust-wasm/wasm-rs/www/node_modules/enhanced-resolve/lib/CachedInputFileSystem.js:79:9
    at /Users/rahulnavneeth/projects/rust-wasm/wasm-rs/www/node_modules/graceful-fs/graceful-fs.js:78:16
    at FSReqCallback.readFileAfterClose [as oncomplete] (node:internal/fs/read_file_context:68:3) {
  opensslErrorStack: [ 'error:03000086:digital envelope routines::initialization error' ],
  library: 'digital envelope routines',
  reason: 'unsupported',
  code: 'ERR_OSSL_EVP_UNSUPPORTED'
}

Node.js v19.6.0
